{"C:\\Users\\markm\\Documents\\CSCI 4830\\git\\legal-pdf\\legalPDF\\extension\\scripts\\pdf-reorder.js": {"path":"C:\\Users\\markm\\Documents\\CSCI 4830\\git\\legal-pdf\\legalPDF\\extension\\scripts\\pdf-reorder.js","statementMap":{"0":{"start":{"line":3,"column":0},"end":{"line":7,"column":1}},"1":{"start":{"line":4,"column":4},"end":{"line":4,"column":49}},"2":{"start":{"line":6,"column":4},"end":{"line":6,"column":37}},"3":{"start":{"line":8,"column":0},"end":{"line":10,"column":1}},"4":{"start":{"line":9,"column":4},"end":{"line":9,"column":58}},"5":{"start":{"line":14,"column":16},"end":{"line":14,"column":18}},"6":{"start":{"line":15,"column":23},"end":{"line":15,"column":24}},"7":{"start":{"line":18,"column":22},"end":{"line":18,"column":58}},"8":{"start":{"line":19,"column":4},"end":{"line":19,"column":27}},"9":{"start":{"line":19,"column":20},"end":{"line":19,"column":27}},"10":{"start":{"line":21,"column":4},"end":{"line":40,"column":7}},"11":{"start":{"line":22,"column":21},"end":{"line":22,"column":42}},"12":{"start":{"line":23,"column":8},"end":{"line":26,"column":9}},"13":{"start":{"line":24,"column":12},"end":{"line":24,"column":53}},"14":{"start":{"line":25,"column":12},"end":{"line":25,"column":19}},"15":{"start":{"line":28,"column":8},"end":{"line":39,"column":9}},"16":{"start":{"line":29,"column":32},"end":{"line":29,"column":56}},"17":{"start":{"line":30,"column":12},"end":{"line":30,"column":65}},"18":{"start":{"line":31,"column":29},"end":{"line":31,"column":58}},"19":{"start":{"line":32,"column":12},"end":{"line":32,"column":70}},"20":{"start":{"line":32,"column":67},"end":{"line":32,"column":68}},"21":{"start":{"line":33,"column":12},"end":{"line":33,"column":36}},"22":{"start":{"line":34,"column":12},"end":{"line":34,"column":56}},"23":{"start":{"line":35,"column":12},"end":{"line":35,"column":75}},"24":{"start":{"line":36,"column":12},"end":{"line":36,"column":71}},"25":{"start":{"line":38,"column":12},"end":{"line":38,"column":70}},"26":{"start":{"line":42,"column":20},"end":{"line":42,"column":54}},"27":{"start":{"line":43,"column":20},"end":{"line":43,"column":54}},"28":{"start":{"line":45,"column":4},"end":{"line":47,"column":7}},"29":{"start":{"line":45,"column":17},"end":{"line":47,"column":7}},"30":{"start":{"line":46,"column":8},"end":{"line":46,"column":71}},"31":{"start":{"line":48,"column":4},"end":{"line":50,"column":7}},"32":{"start":{"line":48,"column":17},"end":{"line":50,"column":7}},"33":{"start":{"line":49,"column":8},"end":{"line":49,"column":70}},"34":{"start":{"line":52,"column":24},"end":{"line":52,"column":62}},"35":{"start":{"line":53,"column":4},"end":{"line":53,"column":81}},"36":{"start":{"line":53,"column":21},"end":{"line":53,"column":81}},"37":{"start":{"line":57,"column":20},"end":{"line":57,"column":54}},"38":{"start":{"line":58,"column":4},"end":{"line":58,"column":27}},"39":{"start":{"line":60,"column":4},"end":{"line":79,"column":7}},"40":{"start":{"line":61,"column":20},"end":{"line":61,"column":49}},"41":{"start":{"line":62,"column":8},"end":{"line":62,"column":38}},"42":{"start":{"line":63,"column":8},"end":{"line":68,"column":10}},"43":{"start":{"line":69,"column":8},"end":{"line":69,"column":33}},"44":{"start":{"line":70,"column":8},"end":{"line":72,"column":11}},"45":{"start":{"line":71,"column":12},"end":{"line":71,"column":39}},"46":{"start":{"line":73,"column":8},"end":{"line":75,"column":11}},"47":{"start":{"line":74,"column":12},"end":{"line":74,"column":38}},"48":{"start":{"line":76,"column":8},"end":{"line":78,"column":11}},"49":{"start":{"line":77,"column":12},"end":{"line":77,"column":37}},"50":{"start":{"line":83,"column":21},"end":{"line":83,"column":38}},"51":{"start":{"line":84,"column":4},"end":{"line":88,"column":5}},"52":{"start":{"line":85,"column":8},"end":{"line":85,"column":90}},"53":{"start":{"line":86,"column":8},"end":{"line":86,"column":32}},"54":{"start":{"line":87,"column":8},"end":{"line":87,"column":52}},"55":{"start":{"line":92,"column":4},"end":{"line":92,"column":31}},"56":{"start":{"line":93,"column":4},"end":{"line":93,"column":28}},"57":{"start":{"line":94,"column":4},"end":{"line":94,"column":72}},"58":{"start":{"line":95,"column":4},"end":{"line":95,"column":48}},"59":{"start":{"line":99,"column":23},"end":{"line":99,"column":39}},"60":{"start":{"line":100,"column":31},"end":{"line":100,"column":69}},"61":{"start":{"line":101,"column":30},"end":{"line":101,"column":67}},"62":{"start":{"line":102,"column":20},"end":{"line":102,"column":54}},"63":{"start":{"line":103,"column":20},"end":{"line":103,"column":54}},"64":{"start":{"line":105,"column":4},"end":{"line":108,"column":5}},"65":{"start":{"line":106,"column":8},"end":{"line":106,"column":83}},"66":{"start":{"line":107,"column":8},"end":{"line":107,"column":51}},"67":{"start":{"line":110,"column":4},"end":{"line":113,"column":5}},"68":{"start":{"line":111,"column":8},"end":{"line":111,"column":79}},"69":{"start":{"line":112,"column":8},"end":{"line":112,"column":92}},"70":{"start":{"line":115,"column":4},"end":{"line":121,"column":5}},"71":{"start":{"line":116,"column":8},"end":{"line":116,"column":49}},"72":{"start":{"line":118,"column":23},"end":{"line":118,"column":63}},"73":{"start":{"line":119,"column":24},"end":{"line":119,"column":47}},"74":{"start":{"line":120,"column":8},"end":{"line":120,"column":61}},"75":{"start":{"line":125,"column":21},"end":{"line":125,"column":45}},"76":{"start":{"line":126,"column":4},"end":{"line":129,"column":5}},"77":{"start":{"line":127,"column":8},"end":{"line":127,"column":44}},"78":{"start":{"line":128,"column":8},"end":{"line":128,"column":24}},"79":{"start":{"line":130,"column":4},"end":{"line":130,"column":24}},"80":{"start":{"line":134,"column":22},"end":{"line":134,"column":45}},"81":{"start":{"line":135,"column":19},"end":{"line":135,"column":59}},"82":{"start":{"line":136,"column":20},"end":{"line":136,"column":43}},"83":{"start":{"line":137,"column":21},"end":{"line":137,"column":48}},"84":{"start":{"line":138,"column":17},"end":{"line":138,"column":66}},"85":{"start":{"line":139,"column":16},"end":{"line":139,"column":41}},"86":{"start":{"line":140,"column":24},"end":{"line":140,"column":49}},"87":{"start":{"line":141,"column":16},"end":{"line":141,"column":41}},"88":{"start":{"line":142,"column":17},"end":{"line":142,"column":49}},"89":{"start":{"line":143,"column":21},"end":{"line":143,"column":51}},"90":{"start":{"line":144,"column":4},"end":{"line":144,"column":34}},"91":{"start":{"line":145,"column":4},"end":{"line":145,"column":36}},"92":{"start":{"line":146,"column":26},"end":{"line":146,"column":62}},"93":{"start":{"line":147,"column":4},"end":{"line":147,"column":45}},"94":{"start":{"line":148,"column":4},"end":{"line":148,"column":29}},"95":{"start":{"line":152,"column":25},"end":{"line":152,"column":51}},"96":{"start":{"line":153,"column":4},"end":{"line":156,"column":5}},"97":{"start":{"line":154,"column":29},"end":{"line":154,"column":86}},"98":{"start":{"line":155,"column":8},"end":{"line":155,"column":41}},"99":{"start":{"line":157,"column":21},"end":{"line":157,"column":46}},"100":{"start":{"line":158,"column":17},"end":{"line":158,"column":66}},"101":{"start":{"line":159,"column":16},"end":{"line":159,"column":41}},"102":{"start":{"line":160,"column":14},"end":{"line":160,"column":41}},"103":{"start":{"line":161,"column":4},"end":{"line":161,"column":17}},"104":{"start":{"line":162,"column":4},"end":{"line":162,"column":33}},"105":{"start":{"line":163,"column":4},"end":{"line":163,"column":33}},"106":{"start":{"line":164,"column":4},"end":{"line":164,"column":14}},"107":{"start":{"line":165,"column":4},"end":{"line":165,"column":33}},"108":{"start":{"line":166,"column":4},"end":{"line":166,"column":29}},"109":{"start":{"line":169,"column":0},"end":{"line":169,"column":68}},"110":{"start":{"line":171,"column":0},"end":{"line":182,"column":1}},"111":{"start":{"line":172,"column":4},"end":{"line":181,"column":6}}},"fnMap":{"0":{"name":"initializePDFReorder","decl":{"start":{"line":17,"column":15},"end":{"line":17,"column":35}},"loc":{"start":{"line":17,"column":38},"end":{"line":54,"column":1}},"line":17},"1":{"name":"(anonymous_1)","decl":{"start":{"line":21,"column":41},"end":{"line":21,"column":42}},"loc":{"start":{"line":21,"column":58},"end":{"line":40,"column":5}},"line":21},"2":{"name":"(anonymous_2)","decl":{"start":{"line":32,"column":57},"end":{"line":32,"column":58}},"loc":{"start":{"line":32,"column":67},"end":{"line":32,"column":68}},"line":32},"3":{"name":"(anonymous_3)","decl":{"start":{"line":45,"column":51},"end":{"line":45,"column":52}},"loc":{"start":{"line":45,"column":57},"end":{"line":47,"column":5}},"line":45},"4":{"name":"(anonymous_4)","decl":{"start":{"line":48,"column":51},"end":{"line":48,"column":52}},"loc":{"start":{"line":48,"column":57},"end":{"line":50,"column":5}},"line":48},"5":{"name":"displayPages","decl":{"start":{"line":56,"column":9},"end":{"line":56,"column":21}},"loc":{"start":{"line":56,"column":33},"end":{"line":80,"column":1}},"line":56},"6":{"name":"(anonymous_6)","decl":{"start":{"line":60,"column":22},"end":{"line":60,"column":23}},"loc":{"start":{"line":60,"column":40},"end":{"line":79,"column":5}},"line":60},"7":{"name":"(anonymous_7)","decl":{"start":{"line":70,"column":68},"end":{"line":70,"column":69}},"loc":{"start":{"line":70,"column":74},"end":{"line":72,"column":9}},"line":70},"8":{"name":"(anonymous_8)","decl":{"start":{"line":73,"column":70},"end":{"line":73,"column":71}},"loc":{"start":{"line":73,"column":76},"end":{"line":75,"column":9}},"line":73},"9":{"name":"(anonymous_9)","decl":{"start":{"line":76,"column":67},"end":{"line":76,"column":68}},"loc":{"start":{"line":76,"column":73},"end":{"line":78,"column":9}},"line":76},"10":{"name":"movePage","decl":{"start":{"line":82,"column":9},"end":{"line":82,"column":17}},"loc":{"start":{"line":82,"column":47},"end":{"line":89,"column":1}},"line":82},"11":{"name":"removePage","decl":{"start":{"line":91,"column":9},"end":{"line":91,"column":19}},"loc":{"start":{"line":91,"column":38},"end":{"line":96,"column":1}},"line":91},"12":{"name":"updatePageInfo","decl":{"start":{"line":98,"column":9},"end":{"line":98,"column":23}},"loc":{"start":{"line":98,"column":53},"end":{"line":122,"column":1}},"line":98},"13":{"name":"changePage","decl":{"start":{"line":124,"column":9},"end":{"line":124,"column":19}},"loc":{"start":{"line":124,"column":56},"end":{"line":131,"column":1}},"line":124},"14":{"name":"previewPage","decl":{"start":{"line":133,"column":15},"end":{"line":133,"column":26}},"loc":{"start":{"line":133,"column":52},"end":{"line":149,"column":1}},"line":133},"15":{"name":"downloadReorderedPdf","decl":{"start":{"line":151,"column":15},"end":{"line":151,"column":35}},"loc":{"start":{"line":151,"column":38},"end":{"line":167,"column":1}},"line":151}},"branchMap":{"0":{"loc":{"start":{"line":3,"column":0},"end":{"line":7,"column":1}},"type":"if","locations":[{"start":{"line":3,"column":0},"end":{"line":7,"column":1}},{"start":{"line":5,"column":7},"end":{"line":7,"column":1}}],"line":3},"1":{"loc":{"start":{"line":3,"column":4},"end":{"line":3,"column":51}},"type":"binary-expr","locations":[{"start":{"line":3,"column":4},"end":{"line":3,"column":33}},{"start":{"line":3,"column":37},"end":{"line":3,"column":51}}],"line":3},"2":{"loc":{"start":{"line":8,"column":0},"end":{"line":10,"column":1}},"type":"if","locations":[{"start":{"line":8,"column":0},"end":{"line":10,"column":1}},{"start":{},"end":{}}],"line":8},"3":{"loc":{"start":{"line":8,"column":4},"end":{"line":8,"column":51}},"type":"binary-expr","locations":[{"start":{"line":8,"column":4},"end":{"line":8,"column":33}},{"start":{"line":8,"column":37},"end":{"line":8,"column":51}}],"line":8},"4":{"loc":{"start":{"line":9,"column":28},"end":{"line":9,"column":57}},"type":"binary-expr","locations":[{"start":{"line":9,"column":28},"end":{"line":9,"column":49}},{"start":{"line":9,"column":53},"end":{"line":9,"column":57}}],"line":9},"5":{"loc":{"start":{"line":19,"column":4},"end":{"line":19,"column":27}},"type":"if","locations":[{"start":{"line":19,"column":4},"end":{"line":19,"column":27}},{"start":{},"end":{}}],"line":19},"6":{"loc":{"start":{"line":23,"column":8},"end":{"line":26,"column":9}},"type":"if","locations":[{"start":{"line":23,"column":8},"end":{"line":26,"column":9}},{"start":{},"end":{}}],"line":23},"7":{"loc":{"start":{"line":23,"column":12},"end":{"line":23,"column":52}},"type":"binary-expr","locations":[{"start":{"line":23,"column":12},"end":{"line":23,"column":17}},{"start":{"line":23,"column":21},"end":{"line":23,"column":52}}],"line":23},"8":{"loc":{"start":{"line":45,"column":4},"end":{"line":47,"column":7}},"type":"if","locations":[{"start":{"line":45,"column":4},"end":{"line":47,"column":7}},{"start":{},"end":{}}],"line":45},"9":{"loc":{"start":{"line":48,"column":4},"end":{"line":50,"column":7}},"type":"if","locations":[{"start":{"line":48,"column":4},"end":{"line":50,"column":7}},{"start":{},"end":{}}],"line":48},"10":{"loc":{"start":{"line":53,"column":4},"end":{"line":53,"column":81}},"type":"if","locations":[{"start":{"line":53,"column":4},"end":{"line":53,"column":81}},{"start":{},"end":{}}],"line":53},"11":{"loc":{"start":{"line":84,"column":4},"end":{"line":88,"column":5}},"type":"if","locations":[{"start":{"line":84,"column":4},"end":{"line":88,"column":5}},{"start":{},"end":{}}],"line":84},"12":{"loc":{"start":{"line":84,"column":8},"end":{"line":84,"column":52}},"type":"binary-expr","locations":[{"start":{"line":84,"column":8},"end":{"line":84,"column":21}},{"start":{"line":84,"column":25},"end":{"line":84,"column":52}}],"line":84},"13":{"loc":{"start":{"line":105,"column":4},"end":{"line":108,"column":5}},"type":"if","locations":[{"start":{"line":105,"column":4},"end":{"line":108,"column":5}},{"start":{},"end":{}}],"line":105},"14":{"loc":{"start":{"line":105,"column":8},"end":{"line":105,"column":47}},"type":"binary-expr","locations":[{"start":{"line":105,"column":8},"end":{"line":105,"column":26}},{"start":{"line":105,"column":30},"end":{"line":105,"column":47}}],"line":105},"15":{"loc":{"start":{"line":106,"column":41},"end":{"line":106,"column":82}},"type":"cond-expr","locations":[{"start":{"line":106,"column":58},"end":{"line":106,"column":78}},{"start":{"line":106,"column":81},"end":{"line":106,"column":82}}],"line":106},"16":{"loc":{"start":{"line":110,"column":4},"end":{"line":113,"column":5}},"type":"if","locations":[{"start":{"line":110,"column":4},"end":{"line":113,"column":5}},{"start":{},"end":{}}],"line":110},"17":{"loc":{"start":{"line":110,"column":8},"end":{"line":110,"column":26}},"type":"binary-expr","locations":[{"start":{"line":110,"column":8},"end":{"line":110,"column":15}},{"start":{"line":110,"column":19},"end":{"line":110,"column":26}}],"line":110},"18":{"loc":{"start":{"line":111,"column":32},"end":{"line":111,"column":78}},"type":"cond-expr","locations":[{"start":{"line":111,"column":55},"end":{"line":111,"column":69}},{"start":{"line":111,"column":72},"end":{"line":111,"column":78}}],"line":111},"19":{"loc":{"start":{"line":112,"column":32},"end":{"line":112,"column":91}},"type":"cond-expr","locations":[{"start":{"line":112,"column":68},"end":{"line":112,"column":82}},{"start":{"line":112,"column":85},"end":{"line":112,"column":91}}],"line":112},"20":{"loc":{"start":{"line":115,"column":4},"end":{"line":121,"column":5}},"type":"if","locations":[{"start":{"line":115,"column":4},"end":{"line":121,"column":5}},{"start":{"line":117,"column":11},"end":{"line":121,"column":5}}],"line":115},"21":{"loc":{"start":{"line":126,"column":4},"end":{"line":129,"column":5}},"type":"if","locations":[{"start":{"line":126,"column":4},"end":{"line":129,"column":5}},{"start":{},"end":{}}],"line":126},"22":{"loc":{"start":{"line":126,"column":8},"end":{"line":126,"column":52}},"type":"binary-expr","locations":[{"start":{"line":126,"column":8},"end":{"line":126,"column":21}},{"start":{"line":126,"column":25},"end":{"line":126,"column":52}}],"line":126},"23":{"loc":{"start":{"line":171,"column":0},"end":{"line":182,"column":1}},"type":"if","locations":[{"start":{"line":171,"column":0},"end":{"line":182,"column":1}},{"start":{},"end":{}}],"line":171},"24":{"loc":{"start":{"line":171,"column":4},"end":{"line":171,"column":51}},"type":"binary-expr","locations":[{"start":{"line":171,"column":4},"end":{"line":171,"column":33}},{"start":{"line":171,"column":37},"end":{"line":171,"column":51}}],"line":171}},"s":{"0":1,"1":1,"2":0,"3":1,"4":1,"5":1,"6":1,"7":0,"8":0,"9":0,"10":0,"11":0,"12":0,"13":0,"14":0,"15":0,"16":0,"17":0,"18":0,"19":0,"20":0,"21":0,"22":0,"23":0,"24":0,"25":0,"26":0,"27":0,"28":0,"29":0,"30":0,"31":0,"32":0,"33":0,"34":0,"35":0,"36":0,"37":0,"38":0,"39":0,"40":0,"41":0,"42":0,"43":0,"44":0,"45":0,"46":0,"47":0,"48":0,"49":0,"50":0,"51":0,"52":0,"53":0,"54":0,"55":0,"56":0,"57":0,"58":0,"59":0,"60":0,"61":0,"62":0,"63":0,"64":0,"65":0,"66":0,"67":0,"68":0,"69":0,"70":0,"71":0,"72":0,"73":0,"74":0,"75":0,"76":0,"77":0,"78":0,"79":0,"80":1,"81":1,"82":1,"83":1,"84":0,"85":0,"86":0,"87":0,"88":0,"89":0,"90":0,"91":0,"92":0,"93":0,"94":0,"95":0,"96":0,"97":0,"98":0,"99":0,"100":0,"101":0,"102":0,"103":0,"104":0,"105":0,"106":0,"107":0,"108":0,"109":1,"110":1,"111":1},"f":{"0":0,"1":0,"2":0,"3":0,"4":0,"5":0,"6":0,"7":0,"8":0,"9":0,"10":0,"11":0,"12":0,"13":0,"14":1,"15":0},"b":{"0":[1,0],"1":[1,1],"2":[1,0],"3":[1,1],"4":[1,1],"5":[0,0],"6":[0,0],"7":[0,0],"8":[0,0],"9":[0,0],"10":[0,0],"11":[0,0],"12":[0,0],"13":[0,0],"14":[0,0],"15":[0,0],"16":[0,0],"17":[0,0],"18":[0,0],"19":[0,0],"20":[0,0],"21":[0,0],"22":[0,0],"23":[1,0],"24":[1,1]},"_coverageSchema":"1a1c01bbd47fc00a2c39e90264f33305004495a9","hash":"5898c8f37191b5c14839f301895b8af910e34cc2"}
}
